Keyboard click simulation script ran at Wed Nov  1 14:20:00 PKT 2023
Keyboard click simulation script ran at Wed Nov  1 14:21:00 PKT 2023
Keyboard click simulation script ran at Wed Nov  1 14:22:00 PKT 2023
Keyboard click simulation script ran at Wed Nov  1 14:23:00 PKT 2023
/Users/suleman/Suleman/bashScript/activeRunner.sh: line 11: unexpected EOF while looking for matching `"'
/Users/suleman/Suleman/bashScript/activeRunner.sh: line 15: syntax error: unexpected end of file
Keyboard click simulation script ran at Wed Nov  1 14:26:00 PKT 2023
in func
Keyboard click simulation script ran at Wed Nov  1 14:27:00 PKT 2023
in func
Keyboard click simulation script ran at Wed Nov  1 14:28:00 PKT 2023
in func
Keyboard click simulation script ran at Wed Nov  1 14:29:00 PKT 2023
in func
Keyboard click simulation script ran at Wed Nov  1 14:30:00 PKT 2023
in func
Keyboard click simulation script ran at Wed Nov  1 14:31:00 PKT 2023
in func
Keyboard click simulation script ran at Wed Nov  1 14:32:00 PKT 2023
in func
Keyboard click simulation script ran at Wed Nov  1 14:33:01 PKT 2023
in func
Keyboard click simulation script ran at Wed Nov  1 14:34:01 PKT 2023
in func
Keyboard click simulation script ran at Wed Nov  1 14:35:00 PKT 2023
in func
Keyboard click simulation script ran at Wed Nov  1 14:36:00 PKT 2023
in func
Keyboard click simulation script ran at Wed Nov  1 14:37:01 PKT 2023
in func
Keyboard click simulation script ran at Wed Nov  1 14:38:00 PKT 2023
in func
Keyboard click simulation script ran at Wed Nov  1 14:39:00 PKT 2023
in func
Keyboard click simulation script ran at Wed Nov  1 14:40:00 PKT 2023
in func
Keyboard click simulation script ran at Wed Nov  1 14:41:01 PKT 2023
in func
Keyboard click simulation script ran at Wed Nov  1 14:42:00 PKT 2023
in func
Keyboard click simulation script ran at Wed Nov  1 14:43:00 PKT 2023
in func
Keyboard click simulation script ran at Wed Nov  1 14:44:00 PKT 2023
in func
Keyboard click simulation script ran at Wed Nov  1 14:45:00 PKT 2023
in func
36:47: execution error: System Events got an error: Application isn’t running. (-600)
Keyboard click simulation script ran at Wed Nov  1 14:46:00 PKT 2023
in func
Keyboard click simulation script ran at Wed Nov  1 14:47:00 PKT 2023
in func
Keyboard click simulation script ran at Wed Nov  1 14:48:00 PKT 2023
in func
Keyboard click simulation script ran at Wed Nov  1 14:49:00 PKT 2023
in func
Keyboard click simulation script ran at Wed Nov  1 14:50:00 PKT 2023
in func
Keyboard click simulation script ran at Wed Nov  1 14:51:00 PKT 2023
in func
Keyboard click simulation script ran at Wed Nov  1 14:52:00 PKT 2023
in func
Keyboard click simulation script ran at Wed Nov  1 14:53:00 PKT 2023
in func
Keyboard click simulation script ran at Wed Nov  1 14:54:00 PKT 2023
in func
Keyboard click simulation script ran at Wed Nov  1 14:55:00 PKT 2023
in func
Keyboard click simulation script ran at Wed Nov  1 14:56:00 PKT 2023
in func
Keyboard click simulation script ran at Wed Nov  1 14:57:01 PKT 2023
in func
36:47: execution error: System Events got an error: Application isn’t running. (-600)
Keyboard click simulation script ran at Wed Nov  1 14:58:00 PKT 2023
in func
Keyboard click simulation script ran at Wed Nov  1 14:59:00 PKT 2023
in func
Keyboard click simulation script ran at Wed Nov  1 15:00:00 PKT 2023
in func
Keyboard click simulation script ran at Wed Nov  1 15:01:00 PKT 2023
in func
Keyboard click simulation script ran at Wed Nov  1 15:02:00 PKT 2023
in func
Keyboard click simulation script ran at Wed Nov  1 15:03:00 PKT 2023
in func
36:47: execution error: System Events got an error: Application isn’t running. (-600)
Keyboard click simulation script ran at Wed Nov  1 15:04:00 PKT 2023
in func
Keyboard click simulation script ran at Wed Nov  1 15:05:00 PKT 2023
in func
Keyboard click simulation script ran at Wed Nov  1 15:06:01 PKT 2023
in func
Keyboard click simulation script ran at Wed Nov  1 15:07:00 PKT 2023
in func
Keyboard click simulation script ran at Wed Nov  1 15:08:00 PKT 2023
in func
Keyboard click simulation script ran at Wed Nov  1 15:09:00 PKT 2023
in func
36:47: execution error: System Events got an error: Application isn’t running. (-600)
Keyboard click simulation script ran at Wed Nov  1 15:10:00 PKT 2023
in func
Keyboard click simulation script ran at Wed Nov  1 15:11:00 PKT 2023
in func
Keyboard click simulation script ran at Wed Nov  1 15:12:01 PKT 2023
in func
Keyboard click simulation script ran at Wed Nov  1 15:13:00 PKT 2023
in func
Keyboard click simulation script ran at Wed Nov  1 15:14:00 PKT 2023
in func
Keyboard click simulation script ran at Wed Nov  1 15:15:00 PKT 2023
in func
36:47: execution error: System Events got an error: Application isn’t running. (-600)
Keyboard click simulation script ran at Wed Nov  1 15:16:00 PKT 2023
in func
Keyboard click simulation script ran at Wed Nov  1 15:17:01 PKT 2023
in func
Keyboard click simulation script ran at Wed Nov  1 15:18:00 PKT 2023
in func
Keyboard click simulation script ran at Wed Nov  1 15:19:00 PKT 2023
in func
Keyboard click simulation script ran at Wed Nov  1 15:20:00 PKT 2023
in func
Keyboard click simulation script ran at Wed Nov  1 15:21:00 PKT 2023
in func
Keyboard click simulation script ran at Wed Nov  1 16:02:00 PKT 2023
in func
Keyboard click simulation script ran at Wed Nov  1 16:03:00 PKT 2023
in func
Keyboard click simulation script ran at Wed Nov  1 16:04:00 PKT 2023
in func
Keyboard click simulation script ran at Wed Nov  1 16:05:01 PKT 2023
in func
Keyboard click simulation script ran at Wed Nov  1 16:06:00 PKT 2023
in func
Keyboard click simulation script ran at Wed Nov  1 16:07:00 PKT 2023
in func
Keyboard click simulation script ran at Wed Nov  1 16:08:00 PKT 2023
in func
Keyboard click simulation script ran at Wed Nov  1 16:09:00 PKT 2023
in func
Keyboard click simulation script ran at Wed Nov  1 16:10:00 PKT 2023
in func
Keyboard click simulation script ran at Wed Nov  1 16:11:00 PKT 2023
in func
Keyboard click simulation script ran at Wed Nov  1 16:12:00 PKT 2023
in func
Keyboard click simulation script ran at Wed Nov  1 16:13:00 PKT 2023
in func
Keyboard click simulation script ran at Wed Nov  1 16:14:00 PKT 2023
in func
36:47: execution error: System Events got an error: Application isn’t running. (-600)
Keyboard click simulation script ran at Wed Nov  1 16:15:00 PKT 2023
in func
Keyboard click simulation script ran at Wed Nov  1 16:16:00 PKT 2023
in func
Keyboard click simulation script ran at Wed Nov  1 16:17:00 PKT 2023
in func
Keyboard click simulation script ran at Wed Nov  1 16:18:00 PKT 2023
in func
Keyboard click simulation script ran at Wed Nov  1 16:19:00 PKT 2023
in func
